<?xml version="1.0" encoding="UTF-8"?>
<!-- Generated by org.testng.reporters.JUnitReportReporter -->
<testsuite hostname="Balaji" failures="0" tests="8" name="com.johndeere.test.AddPetTest" time="17.911" errors="0" timestamp="2022-11-11T16:11:58 IST" skipped="0">
  <testcase classname="com.johndeere.test.AddPetTest" name="addValidPetTest" time="1.212"/>
  <system-out/>
  <testcase classname="com.johndeere.test.AddPetTest" name="addValidPetFromJsonTest" time="7.338"/>
  <system-out/>
  <testcase classname="com.johndeere.test.AddPetTest" name="addValidPetFromJsonTest" time="3.104"/>
  <system-out/>
  <testcase classname="com.johndeere.test.AddPetTest" name="updateValidPetFromJsonTest" time="1.244"/>
  <system-out/>
  <testcase classname="com.johndeere.test.AddPetTest" name="deletePetByIdTest" time="1.340"/>
  <system-out/>
  <testcase classname="com.johndeere.test.AddPetTest" name="addValidPetTest" time="1.223"/>
  <system-out/>
  <testcase classname="com.johndeere.test.AddPetTest" name="updateValidPetFromJsonTest" time="1.236"/>
  <system-out/>
  <testcase classname="com.johndeere.test.AddPetTest" name="deletePetByIdTest" time="1.214"/>
  <system-out/>
</testsuite> <!-- com.johndeere.test.AddPetTest -->
