<?xml version="1.0" encoding="UTF-8"?>
<!-- Generated by org.testng.reporters.JUnitReportReporter -->
<testsuite hostname="Balaji" failures="0" tests="1" name="com.johndeere.test.FindPetTest" time="4.075" errors="0" timestamp="2022-11-11T16:06:05 IST" skipped="0">
  <testcase classname="com.johndeere.test.FindPetTest" name="findValidPetByIdTest" time="4.075"/>
  <system-out/>
</testsuite> <!-- com.johndeere.test.FindPetTest -->
