<?xml version="1.0" encoding="UTF-8"?>
<!-- Generated by org.testng.reporters.JUnitReportReporter -->
<testsuite hostname="Balaji" failures="0" tests="1" name="com.johndeere.runner.RunnerTest" time="222.172" errors="0" timestamp="2022-11-11T15:02:21 IST" skipped="0">
  <testcase classname="com.johndeere.runner.RunnerTest" name="runScenario" time="222.172"/>
  <system-out/>
</testsuite> <!-- com.johndeere.runner.RunnerTest -->
